{"/Users/andratomi/Desktop/projects/disertatie/drawing_app/backend-drawings/src/app.ts": {"path":"/Users/andratomi/Desktop/projects/disertatie/drawing_app/backend-drawings/src/app.ts","statementMap":{"0":{"start":{"line":1,"column":0},"end":{"line":1,"column":28}},"1":{"start":{"line":2,"column":0},"end":{"line":2,"column":41}},"2":{"start":{"line":3,"column":0},"end":{"line":3,"column":32}},"3":{"start":{"line":4,"column":0},"end":{"line":4,"column":37}},"4":{"start":{"line":5,"column":0},"end":{"line":5,"column":24}},"5":{"start":{"line":6,"column":0},"end":{"line":6,"column":34}},"6":{"start":{"line":8,"column":0},"end":{"line":8,"column":16}},"7":{"start":{"line":11,"column":0},"end":{"line":18,"column":5}},"8":{"start":{"line":11,"column":11},"end":{"line":18,"column":2}},"9":{"start":{"line":12,"column":4},"end":{"line":17,"column":null}},"10":{"start":{"line":13,"column":8},"end":{"line":13,"column":59}},"11":{"start":{"line":14,"column":8},"end":{"line":14,"column":52}},"12":{"start":{"line":16,"column":8},"end":{"line":16,"column":54}},"13":{"start":{"line":21,"column":20},"end":{"line":21,"column":29}},"14":{"start":{"line":22,"column":0},"end":{"line":22,"column":27}},"15":{"start":{"line":23,"column":0},"end":{"line":23,"column":16}},"16":{"start":{"line":26,"column":0},"end":{"line":26,"column":16}},"17":{"start":{"line":28,"column":0},"end":{"line":28,"column":19}}},"fnMap":{"0":{"name":"(anonymous_8)","decl":{"start":{"line":11,"column":1},"end":{"line":11,"column":9}},"loc":{"start":{"line":11,"column":11},"end":{"line":18,"column":2}}},"1":{"name":"(anonymous_9)","decl":{"start":{"line":11,"column":11},"end":{"line":11,"column":null}},"loc":{"start":{"line":11,"column":11},"end":{"line":18,"column":1}}}},"branchMap":{},"s":{"0":5,"1":5,"2":5,"3":5,"4":5,"5":5,"6":5,"7":5,"8":5,"9":5,"10":5,"11":0,"12":5,"13":5,"14":5,"15":5,"16":5,"17":5},"f":{"0":5,"1":5},"b":{}}
,"/Users/andratomi/Desktop/projects/disertatie/drawing_app/backend-drawings/src/mongo_schema.ts": {"path":"/Users/andratomi/Desktop/projects/disertatie/drawing_app/backend-drawings/src/mongo_schema.ts","statementMap":{"0":{"start":{"line":1,"column":0},"end":{"line":1,"column":58}},"1":{"start":{"line":4,"column":22},"end":{"line":38,"column":29}},"2":{"start":{"line":41,"column":13},"end":{"line":41,"column":60}}},"fnMap":{},"branchMap":{},"s":{"0":5,"1":5,"2":5},"f":{},"b":{}}
,"/Users/andratomi/Desktop/projects/disertatie/drawing_app/backend-drawings/src/api/routes.ts": {"path":"/Users/andratomi/Desktop/projects/disertatie/drawing_app/backend-drawings/src/api/routes.ts","statementMap":{"0":{"start":{"line":1,"column":0},"end":{"line":1,"column":30}},"1":{"start":{"line":2,"column":0},"end":{"line":2,"column":48}},"2":{"start":{"line":3,"column":0},"end":{"line":3,"column":null}},"3":{"start":{"line":20,"column":31},"end":{"line":20,"column":47}},"4":{"start":{"line":22,"column":0},"end":{"line":22,"column":47}},"5":{"start":{"line":23,"column":0},"end":{"line":23,"column":66}},"6":{"start":{"line":24,"column":0},"end":{"line":24,"column":61}},"7":{"start":{"line":26,"column":0},"end":{"line":26,"column":79}},"8":{"start":{"line":27,"column":0},"end":{"line":27,"column":65}},"9":{"start":{"line":28,"column":0},"end":{"line":28,"column":71}},"10":{"start":{"line":30,"column":0},"end":{"line":30,"column":22}}},"fnMap":{},"branchMap":{},"s":{"0":5,"1":5,"2":5,"3":5,"4":5,"5":5,"6":5,"7":5,"8":5,"9":5,"10":5},"f":{},"b":{}}
,"/Users/andratomi/Desktop/projects/disertatie/drawing_app/backend-drawings/src/api/controllers/adminModify.ts": {"path":"/Users/andratomi/Desktop/projects/disertatie/drawing_app/backend-drawings/src/api/controllers/adminModify.ts","statementMap":{"0":{"start":{"line":3,"column":0},"end":{"line":3,"column":50}},"1":{"start":{"line":4,"column":0},"end":{"line":4,"column":66}},"2":{"start":{"line":6,"column":13},"end":{"line":15,"column":2}},"3":{"start":{"line":17,"column":27},"end":{"line":47,"column":null}},"4":{"start":{"line":17,"column":65},"end":{"line":47,"column":null}},"5":{"start":{"line":18,"column":19},"end":{"line":18,"column":40}},"6":{"start":{"line":20,"column":4},"end":{"line":24,"column":null}},"7":{"start":{"line":21,"column":8},"end":{"line":23,"column":11}},"8":{"start":{"line":25,"column":34},"end":{"line":25,"column":42}},"9":{"start":{"line":28,"column":4},"end":{"line":44,"column":null}},"10":{"start":{"line":29,"column":8},"end":{"line":31,"column":11}},"11":{"start":{"line":33,"column":8},"end":{"line":38,"column":null}},"12":{"start":{"line":34,"column":12},"end":{"line":37,"column":null}},"13":{"start":{"line":40,"column":8},"end":{"line":43,"column":null}},"14":{"start":{"line":46,"column":4},"end":{"line":46,"column":34}},"15":{"start":{"line":17,"column":13},"end":{"line":17,"column":27}}},"fnMap":{"0":{"name":"(anonymous_7)","decl":{"start":{"line":17,"column":27},"end":{"line":17,"column":34}},"loc":{"start":{"line":17,"column":65},"end":{"line":47,"column":null}}},"1":{"name":"(anonymous_8)","decl":{"start":{"line":17,"column":65},"end":{"line":17,"column":null}},"loc":{"start":{"line":17,"column":65},"end":{"line":47,"column":1}}}},"branchMap":{"0":{"loc":{"start":{"line":20,"column":4},"end":{"line":24,"column":null}},"type":"if","locations":[{"start":{"line":20,"column":4},"end":{"line":24,"column":null}}]},"1":{"loc":{"start":{"line":33,"column":8},"end":{"line":38,"column":null}},"type":"if","locations":[{"start":{"line":33,"column":8},"end":{"line":38,"column":null}}]}},"s":{"0":5,"1":5,"2":5,"3":5,"4":4,"5":4,"6":4,"7":1,"8":3,"9":3,"10":3,"11":2,"12":1,"13":1,"14":1,"15":5},"f":{"0":4,"1":4},"b":{"0":[1],"1":[1]}}
,"/Users/andratomi/Desktop/projects/disertatie/drawing_app/backend-drawings/src/api/controllers/getAll.ts": {"path":"/Users/andratomi/Desktop/projects/disertatie/drawing_app/backend-drawings/src/api/controllers/getAll.ts","statementMap":{"0":{"start":{"line":2,"column":0},"end":{"line":2,"column":50}},"1":{"start":{"line":4,"column":0},"end":{"line":4,"column":48}},"2":{"start":{"line":5,"column":0},"end":{"line":5,"column":60}},"3":{"start":{"line":7,"column":13},"end":{"line":44,"column":2}},"4":{"start":{"line":46,"column":22},"end":{"line":100,"column":null}},"5":{"start":{"line":46,"column":60},"end":{"line":100,"column":null}},"6":{"start":{"line":47,"column":19},"end":{"line":47,"column":40}},"7":{"start":{"line":49,"column":4},"end":{"line":53,"column":null}},"8":{"start":{"line":50,"column":8},"end":{"line":52,"column":11}},"9":{"start":{"line":55,"column":82},"end":{"line":55,"column":91}},"10":{"start":{"line":57,"column":17},"end":{"line":59,"column":null}},"11":{"start":{"line":61,"column":24},"end":{"line":61,"column":67}},"12":{"start":{"line":63,"column":24},"end":{"line":68,"column":null}},"13":{"start":{"line":71,"column":34},"end":{"line":71,"column":36}},"14":{"start":{"line":72,"column":4},"end":{"line":79,"column":null}},"15":{"start":{"line":73,"column":8},"end":{"line":73,"column":59}},"16":{"start":{"line":75,"column":8},"end":{"line":78,"column":null}},"17":{"start":{"line":81,"column":4},"end":{"line":81,"column":40}},"18":{"start":{"line":83,"column":40},"end":{"line":83,"column":100}},"19":{"start":{"line":85,"column":29},"end":{"line":92,"column":7}},"20":{"start":{"line":85,"column":62},"end":{"line":92,"column":6}},"21":{"start":{"line":94,"column":26},"end":{"line":94,"column":52}},"22":{"start":{"line":96,"column":4},"end":{"line":99,"column":7}},"23":{"start":{"line":46,"column":13},"end":{"line":46,"column":22}}},"fnMap":{"0":{"name":"(anonymous_7)","decl":{"start":{"line":46,"column":22},"end":{"line":46,"column":29}},"loc":{"start":{"line":46,"column":60},"end":{"line":100,"column":null}}},"1":{"name":"(anonymous_8)","decl":{"start":{"line":46,"column":60},"end":{"line":46,"column":null}},"loc":{"start":{"line":46,"column":60},"end":{"line":100,"column":1}}},"2":{"name":"(anonymous_9)","decl":{"start":{"line":85,"column":48},"end":{"line":85,"column":49}},"loc":{"start":{"line":85,"column":62},"end":{"line":92,"column":6}}}},"branchMap":{"0":{"loc":{"start":{"line":49,"column":4},"end":{"line":53,"column":null}},"type":"if","locations":[{"start":{"line":49,"column":4},"end":{"line":53,"column":null}}]},"1":{"loc":{"start":{"line":58,"column":12},"end":{"line":58,"column":46}},"type":"cond-expr","locations":[{"start":{"line":58,"column":24},"end":{"line":58,"column":41}},{"start":{"line":58,"column":44},"end":{"line":58,"column":46}}]},"2":{"loc":{"start":{"line":59,"column":12},"end":{"line":59,"column":42}},"type":"cond-expr","locations":[{"start":{"line":59,"column":22},"end":{"line":59,"column":37}},{"start":{"line":59,"column":40},"end":{"line":59,"column":42}}]},"3":{"loc":{"start":{"line":61,"column":24},"end":{"line":61,"column":67}},"type":"cond-expr","locations":[{"start":{"line":61,"column":34},"end":{"line":61,"column":62}},{"start":{"line":61,"column":65},"end":{"line":61,"column":67}}]},"4":{"loc":{"start":{"line":64,"column":12},"end":{"line":64,"column":48}},"type":"cond-expr","locations":[{"start":{"line":64,"column":23},"end":{"line":64,"column":43}},{"start":{"line":64,"column":46},"end":{"line":64,"column":48}}]},"5":{"loc":{"start":{"line":65,"column":12},"end":{"line":65,"column":58}},"type":"cond-expr","locations":[{"start":{"line":65,"column":35},"end":{"line":65,"column":53}},{"start":{"line":65,"column":56},"end":{"line":65,"column":58}}]},"6":{"loc":{"start":{"line":65,"column":12},"end":{"line":65,"column":32}},"type":"binary-expr","locations":[{"start":{"line":65,"column":12},"end":{"line":65,"column":21}},{"start":{"line":65,"column":25},"end":{"line":65,"column":32}}]},"7":{"loc":{"start":{"line":66,"column":12},"end":{"line":66,"column":75}},"type":"cond-expr","locations":[{"start":{"line":66,"column":21},"end":{"line":66,"column":70}},{"start":{"line":66,"column":73},"end":{"line":66,"column":75}}]},"8":{"loc":{"start":{"line":67,"column":12},"end":{"line":67,"column":56}},"type":"cond-expr","locations":[{"start":{"line":67,"column":21},"end":{"line":67,"column":51}},{"start":{"line":67,"column":54},"end":{"line":67,"column":56}}]},"9":{"loc":{"start":{"line":68,"column":12},"end":{"line":68,"column":34}},"type":"cond-expr","locations":[{"start":{"line":68,"column":21},"end":{"line":68,"column":29}},{"start":{"line":68,"column":32},"end":{"line":68,"column":34}}]},"10":{"loc":{"start":{"line":83,"column":40},"end":{"line":83,"column":100}},"type":"cond-expr","locations":[{"start":{"line":83,"column":49},"end":{"line":83,"column":89}},{"start":{"line":83,"column":92},"end":{"line":83,"column":100}}]},"11":{"loc":{"start":{"line":98,"column":18},"end":{"line":98,"column":85}},"type":"cond-expr","locations":[{"start":{"line":98,"column":26},"end":{"line":98,"column":66}},{"start":{"line":98,"column":69},"end":{"line":98,"column":85}}]}},"s":{"0":5,"1":5,"2":5,"3":5,"4":5,"5":4,"6":4,"7":4,"8":0,"9":4,"10":4,"11":4,"12":4,"13":4,"14":4,"15":4,"16":0,"17":4,"18":4,"19":4,"20":5,"21":4,"22":4,"23":5},"f":{"0":4,"1":4,"2":5},"b":{"0":[0],"1":[1,3],"2":[0,4],"3":[0,4],"4":[2,2],"5":[1,3],"6":[4,3],"7":[0,4],"8":[0,4],"9":[0,4],"10":[0,4],"11":[0,4]}}
,"/Users/andratomi/Desktop/projects/disertatie/drawing_app/backend-drawings/src/api/controllers/getAllAdmin.ts": {"path":"/Users/andratomi/Desktop/projects/disertatie/drawing_app/backend-drawings/src/api/controllers/getAllAdmin.ts","statementMap":{"0":{"start":{"line":3,"column":0},"end":{"line":3,"column":50}},"1":{"start":{"line":4,"column":0},"end":{"line":4,"column":60}},"2":{"start":{"line":6,"column":13},"end":{"line":29,"column":2}},"3":{"start":{"line":31,"column":27},"end":{"line":81,"column":null}},"4":{"start":{"line":31,"column":65},"end":{"line":81,"column":null}},"5":{"start":{"line":32,"column":19},"end":{"line":32,"column":40}},"6":{"start":{"line":34,"column":4},"end":{"line":38,"column":null}},"7":{"start":{"line":35,"column":8},"end":{"line":37,"column":11}},"8":{"start":{"line":40,"column":59},"end":{"line":40,"column":68}},"9":{"start":{"line":42,"column":17},"end":{"line":44,"column":null}},"10":{"start":{"line":46,"column":24},"end":{"line":46,"column":67}},"11":{"start":{"line":48,"column":24},"end":{"line":52,"column":null}},"12":{"start":{"line":55,"column":34},"end":{"line":55,"column":36}},"13":{"start":{"line":56,"column":4},"end":{"line":63,"column":null}},"14":{"start":{"line":57,"column":8},"end":{"line":57,"column":59}},"15":{"start":{"line":59,"column":8},"end":{"line":62,"column":null}},"16":{"start":{"line":65,"column":29},"end":{"line":75,"column":7}},"17":{"start":{"line":65,"column":56},"end":{"line":75,"column":6}},"18":{"start":{"line":77,"column":4},"end":{"line":80,"column":7}},"19":{"start":{"line":31,"column":13},"end":{"line":31,"column":27}}},"fnMap":{"0":{"name":"(anonymous_7)","decl":{"start":{"line":31,"column":27},"end":{"line":31,"column":34}},"loc":{"start":{"line":31,"column":65},"end":{"line":81,"column":null}}},"1":{"name":"(anonymous_8)","decl":{"start":{"line":31,"column":65},"end":{"line":31,"column":null}},"loc":{"start":{"line":31,"column":65},"end":{"line":81,"column":1}}},"2":{"name":"(anonymous_9)","decl":{"start":{"line":65,"column":42},"end":{"line":65,"column":43}},"loc":{"start":{"line":65,"column":56},"end":{"line":75,"column":6}}}},"branchMap":{"0":{"loc":{"start":{"line":34,"column":4},"end":{"line":38,"column":null}},"type":"if","locations":[{"start":{"line":34,"column":4},"end":{"line":38,"column":null}}]},"1":{"loc":{"start":{"line":43,"column":12},"end":{"line":43,"column":46}},"type":"cond-expr","locations":[{"start":{"line":43,"column":24},"end":{"line":43,"column":41}},{"start":{"line":43,"column":44},"end":{"line":43,"column":46}}]},"2":{"loc":{"start":{"line":44,"column":12},"end":{"line":44,"column":42}},"type":"cond-expr","locations":[{"start":{"line":44,"column":22},"end":{"line":44,"column":37}},{"start":{"line":44,"column":40},"end":{"line":44,"column":42}}]},"3":{"loc":{"start":{"line":46,"column":24},"end":{"line":46,"column":67}},"type":"cond-expr","locations":[{"start":{"line":46,"column":34},"end":{"line":46,"column":62}},{"start":{"line":46,"column":65},"end":{"line":46,"column":67}}]},"4":{"loc":{"start":{"line":49,"column":12},"end":{"line":49,"column":48}},"type":"cond-expr","locations":[{"start":{"line":49,"column":23},"end":{"line":49,"column":43}},{"start":{"line":49,"column":46},"end":{"line":49,"column":48}}]},"5":{"loc":{"start":{"line":50,"column":12},"end":{"line":50,"column":58}},"type":"cond-expr","locations":[{"start":{"line":50,"column":35},"end":{"line":50,"column":53}},{"start":{"line":50,"column":56},"end":{"line":50,"column":58}}]},"6":{"loc":{"start":{"line":50,"column":12},"end":{"line":50,"column":32}},"type":"binary-expr","locations":[{"start":{"line":50,"column":12},"end":{"line":50,"column":21}},{"start":{"line":50,"column":25},"end":{"line":50,"column":32}}]},"7":{"loc":{"start":{"line":51,"column":12},"end":{"line":51,"column":75}},"type":"cond-expr","locations":[{"start":{"line":51,"column":21},"end":{"line":51,"column":70}},{"start":{"line":51,"column":73},"end":{"line":51,"column":75}}]},"8":{"loc":{"start":{"line":52,"column":12},"end":{"line":52,"column":56}},"type":"cond-expr","locations":[{"start":{"line":52,"column":21},"end":{"line":52,"column":51}},{"start":{"line":52,"column":54},"end":{"line":52,"column":56}}]}},"s":{"0":5,"1":5,"2":5,"3":5,"4":0,"5":0,"6":0,"7":0,"8":0,"9":0,"10":0,"11":0,"12":0,"13":0,"14":0,"15":0,"16":0,"17":0,"18":0,"19":5},"f":{"0":0,"1":0,"2":0},"b":{"0":[0],"1":[0,0],"2":[0,0],"3":[0,0],"4":[0,0],"5":[0,0],"6":[0,0],"7":[0,0],"8":[0,0]}}
,"/Users/andratomi/Desktop/projects/disertatie/drawing_app/backend-drawings/src/api/controllers/getByUser.ts": {"path":"/Users/andratomi/Desktop/projects/disertatie/drawing_app/backend-drawings/src/api/controllers/getByUser.ts","statementMap":{"0":{"start":{"line":3,"column":0},"end":{"line":3,"column":50}},"1":{"start":{"line":4,"column":0},"end":{"line":4,"column":53}},"2":{"start":{"line":6,"column":13},"end":{"line":14,"column":null}},"3":{"start":{"line":16,"column":25},"end":{"line":49,"column":null}},"4":{"start":{"line":16,"column":63},"end":{"line":49,"column":null}},"5":{"start":{"line":17,"column":19},"end":{"line":17,"column":40}},"6":{"start":{"line":19,"column":4},"end":{"line":23,"column":null}},"7":{"start":{"line":20,"column":8},"end":{"line":22,"column":11}},"8":{"start":{"line":25,"column":19},"end":{"line":25,"column":35}},"9":{"start":{"line":27,"column":34},"end":{"line":27,"column":36}},"10":{"start":{"line":28,"column":4},"end":{"line":36,"column":null}},"11":{"start":{"line":29,"column":8},"end":{"line":29,"column":61}},"12":{"start":{"line":32,"column":8},"end":{"line":35,"column":null}},"13":{"start":{"line":38,"column":29},"end":{"line":43,"column":7}},"14":{"start":{"line":38,"column":56},"end":{"line":43,"column":6}},"15":{"start":{"line":45,"column":4},"end":{"line":48,"column":7}},"16":{"start":{"line":16,"column":13},"end":{"line":16,"column":25}}},"fnMap":{"0":{"name":"(anonymous_7)","decl":{"start":{"line":16,"column":25},"end":{"line":16,"column":32}},"loc":{"start":{"line":16,"column":63},"end":{"line":49,"column":null}}},"1":{"name":"(anonymous_8)","decl":{"start":{"line":16,"column":63},"end":{"line":16,"column":null}},"loc":{"start":{"line":16,"column":63},"end":{"line":49,"column":1}}},"2":{"name":"(anonymous_9)","decl":{"start":{"line":38,"column":42},"end":{"line":38,"column":43}},"loc":{"start":{"line":38,"column":56},"end":{"line":43,"column":6}}}},"branchMap":{"0":{"loc":{"start":{"line":19,"column":4},"end":{"line":23,"column":null}},"type":"if","locations":[{"start":{"line":19,"column":4},"end":{"line":23,"column":null}}]}},"s":{"0":5,"1":5,"2":5,"3":5,"4":2,"5":2,"6":2,"7":1,"8":1,"9":1,"10":1,"11":1,"12":0,"13":1,"14":1,"15":1,"16":5},"f":{"0":2,"1":2,"2":1},"b":{"0":[1]}}
,"/Users/andratomi/Desktop/projects/disertatie/drawing_app/backend-drawings/src/api/controllers/getDrawing.ts": {"path":"/Users/andratomi/Desktop/projects/disertatie/drawing_app/backend-drawings/src/api/controllers/getDrawing.ts","statementMap":{"0":{"start":{"line":2,"column":0},"end":{"line":2,"column":33}},"1":{"start":{"line":4,"column":0},"end":{"line":4,"column":50}},"2":{"start":{"line":5,"column":0},"end":{"line":5,"column":53}},"3":{"start":{"line":7,"column":13},"end":{"line":15,"column":null}},"4":{"start":{"line":17,"column":26},"end":{"line":43,"column":null}},"5":{"start":{"line":17,"column":64},"end":{"line":43,"column":null}},"6":{"start":{"line":18,"column":19},"end":{"line":18,"column":40}},"7":{"start":{"line":20,"column":4},"end":{"line":24,"column":null}},"8":{"start":{"line":21,"column":8},"end":{"line":23,"column":11}},"9":{"start":{"line":26,"column":22},"end":{"line":26,"column":51}},"10":{"start":{"line":28,"column":38},"end":{"line":28,"column":42}},"11":{"start":{"line":29,"column":4},"end":{"line":37,"column":null}},"12":{"start":{"line":30,"column":24},"end":{"line":30,"column":53}},"13":{"start":{"line":31,"column":8},"end":{"line":31,"column":61}},"14":{"start":{"line":33,"column":8},"end":{"line":36,"column":null}},"15":{"start":{"line":39,"column":4},"end":{"line":42,"column":7}},"16":{"start":{"line":17,"column":13},"end":{"line":17,"column":26}}},"fnMap":{"0":{"name":"(anonymous_7)","decl":{"start":{"line":17,"column":26},"end":{"line":17,"column":33}},"loc":{"start":{"line":17,"column":64},"end":{"line":43,"column":null}}},"1":{"name":"(anonymous_8)","decl":{"start":{"line":17,"column":64},"end":{"line":17,"column":null}},"loc":{"start":{"line":17,"column":64},"end":{"line":43,"column":1}}}},"branchMap":{"0":{"loc":{"start":{"line":20,"column":4},"end":{"line":24,"column":null}},"type":"if","locations":[{"start":{"line":20,"column":4},"end":{"line":24,"column":null}}]}},"s":{"0":5,"1":5,"2":5,"3":5,"4":5,"5":3,"6":3,"7":3,"8":1,"9":2,"10":2,"11":2,"12":2,"13":2,"14":0,"15":2,"16":5},"f":{"0":3,"1":3},"b":{"0":[1]}}
,"/Users/andratomi/Desktop/projects/disertatie/drawing_app/backend-drawings/src/api/controllers/index.ts": {"path":"/Users/andratomi/Desktop/projects/disertatie/drawing_app/backend-drawings/src/api/controllers/index.ts","statementMap":{"0":{"start":{"line":1,"column":0},"end":{"line":1,"column":25}},"1":{"start":{"line":2,"column":0},"end":{"line":2,"column":28}},"2":{"start":{"line":3,"column":0},"end":{"line":3,"column":29}},"3":{"start":{"line":5,"column":0},"end":{"line":5,"column":32}},"4":{"start":{"line":6,"column":0},"end":{"line":6,"column":30}},"5":{"start":{"line":7,"column":0},"end":{"line":7,"column":30}}},"fnMap":{},"branchMap":{},"s":{"0":5,"1":5,"2":5,"3":5,"4":5,"5":5},"f":{},"b":{}}
,"/Users/andratomi/Desktop/projects/disertatie/drawing_app/backend-drawings/src/api/controllers/updateReviews.ts": {"path":"/Users/andratomi/Desktop/projects/disertatie/drawing_app/backend-drawings/src/api/controllers/updateReviews.ts","statementMap":{"0":{"start":{"line":2,"column":0},"end":{"line":2,"column":50}},"1":{"start":{"line":4,"column":0},"end":{"line":4,"column":53}},"2":{"start":{"line":6,"column":13},"end":{"line":25,"column":null}},"3":{"start":{"line":27,"column":29},"end":{"line":61,"column":null}},"4":{"start":{"line":27,"column":67},"end":{"line":61,"column":null}},"5":{"start":{"line":28,"column":19},"end":{"line":28,"column":40}},"6":{"start":{"line":30,"column":4},"end":{"line":34,"column":null}},"7":{"start":{"line":31,"column":8},"end":{"line":33,"column":11}},"8":{"start":{"line":38,"column":41},"end":{"line":38,"column":49}},"9":{"start":{"line":40,"column":4},"end":{"line":56,"column":null}},"10":{"start":{"line":41,"column":8},"end":{"line":43,"column":11}},"11":{"start":{"line":45,"column":8},"end":{"line":50,"column":null}},"12":{"start":{"line":46,"column":12},"end":{"line":49,"column":null}},"13":{"start":{"line":52,"column":8},"end":{"line":55,"column":null}},"14":{"start":{"line":58,"column":4},"end":{"line":60,"column":7}},"15":{"start":{"line":27,"column":13},"end":{"line":27,"column":29}}},"fnMap":{"0":{"name":"(anonymous_7)","decl":{"start":{"line":27,"column":29},"end":{"line":27,"column":36}},"loc":{"start":{"line":27,"column":67},"end":{"line":61,"column":null}}},"1":{"name":"(anonymous_8)","decl":{"start":{"line":27,"column":67},"end":{"line":27,"column":null}},"loc":{"start":{"line":27,"column":67},"end":{"line":61,"column":1}}}},"branchMap":{"0":{"loc":{"start":{"line":30,"column":4},"end":{"line":34,"column":null}},"type":"if","locations":[{"start":{"line":30,"column":4},"end":{"line":34,"column":null}}]},"1":{"loc":{"start":{"line":45,"column":8},"end":{"line":50,"column":null}},"type":"if","locations":[{"start":{"line":45,"column":8},"end":{"line":50,"column":null}}]}},"s":{"0":5,"1":5,"2":5,"3":5,"4":4,"5":4,"6":4,"7":1,"8":3,"9":3,"10":3,"11":2,"12":1,"13":1,"14":1,"15":5},"f":{"0":4,"1":4},"b":{"0":[1],"1":[1]}}
,"/Users/andratomi/Desktop/projects/disertatie/drawing_app/backend-drawings/src/api/utils/helpers.ts": {"path":"/Users/andratomi/Desktop/projects/disertatie/drawing_app/backend-drawings/src/api/utils/helpers.ts","statementMap":{"0":{"start":{"line":1,"column":0},"end":{"line":1,"column":53}},"1":{"start":{"line":3,"column":28},"end":{"line":36,"column":1}},"2":{"start":{"line":4,"column":37},"end":{"line":4,"column":39}},"3":{"start":{"line":6,"column":4},"end":{"line":6,"column":30}},"4":{"start":{"line":8,"column":4},"end":{"line":33,"column":null}},"5":{"start":{"line":10,"column":12},"end":{"line":10,"column":72}},"6":{"start":{"line":10,"column":49},"end":{"line":10,"column":70}},"7":{"start":{"line":11,"column":12},"end":{"line":11,"column":18}},"8":{"start":{"line":14,"column":12},"end":{"line":14,"column":72}},"9":{"start":{"line":14,"column":49},"end":{"line":14,"column":70}},"10":{"start":{"line":15,"column":12},"end":{"line":15,"column":18}},"11":{"start":{"line":18,"column":12},"end":{"line":18,"column":72}},"12":{"start":{"line":18,"column":49},"end":{"line":18,"column":70}},"13":{"start":{"line":19,"column":12},"end":{"line":19,"column":18}},"14":{"start":{"line":22,"column":12},"end":{"line":22,"column":72}},"15":{"start":{"line":22,"column":49},"end":{"line":22,"column":70}},"16":{"start":{"line":23,"column":12},"end":{"line":23,"column":18}},"17":{"start":{"line":26,"column":12},"end":{"line":26,"column":70}},"18":{"start":{"line":26,"column":49},"end":{"line":26,"column":68}},"19":{"start":{"line":27,"column":12},"end":{"line":27,"column":18}},"20":{"start":{"line":30,"column":12},"end":{"line":30,"column":70}},"21":{"start":{"line":30,"column":49},"end":{"line":30,"column":68}},"22":{"start":{"line":31,"column":12},"end":{"line":31,"column":18}},"23":{"start":{"line":35,"column":4},"end":{"line":35,"column":59}},"24":{"start":{"line":3,"column":13},"end":{"line":3,"column":28}}},"fnMap":{"0":{"name":"(anonymous_0)","decl":{"start":{"line":3,"column":28},"end":{"line":3,"column":29}},"loc":{"start":{"line":3,"column":72},"end":{"line":36,"column":1}}},"1":{"name":"(anonymous_1)","decl":{"start":{"line":10,"column":40},"end":{"line":10,"column":41}},"loc":{"start":{"line":10,"column":49},"end":{"line":10,"column":70}}},"2":{"name":"(anonymous_2)","decl":{"start":{"line":14,"column":40},"end":{"line":14,"column":41}},"loc":{"start":{"line":14,"column":49},"end":{"line":14,"column":70}}},"3":{"name":"(anonymous_3)","decl":{"start":{"line":18,"column":40},"end":{"line":18,"column":41}},"loc":{"start":{"line":18,"column":49},"end":{"line":18,"column":70}}},"4":{"name":"(anonymous_4)","decl":{"start":{"line":22,"column":40},"end":{"line":22,"column":41}},"loc":{"start":{"line":22,"column":49},"end":{"line":22,"column":70}}},"5":{"name":"(anonymous_5)","decl":{"start":{"line":26,"column":40},"end":{"line":26,"column":41}},"loc":{"start":{"line":26,"column":49},"end":{"line":26,"column":68}}},"6":{"name":"(anonymous_6)","decl":{"start":{"line":30,"column":40},"end":{"line":30,"column":41}},"loc":{"start":{"line":30,"column":49},"end":{"line":30,"column":68}}}},"branchMap":{"0":{"loc":{"start":{"line":8,"column":4},"end":{"line":33,"column":null}},"type":"switch","locations":[{"start":{"line":9,"column":8},"end":{"line":12,"column":10}},{"start":{"line":13,"column":8},"end":{"line":16,"column":10}},{"start":{"line":17,"column":8},"end":{"line":20,"column":10}},{"start":{"line":21,"column":8},"end":{"line":24,"column":10}},{"start":{"line":25,"column":8},"end":{"line":28,"column":10}},{"start":{"line":29,"column":8},"end":{"line":32,"column":10}}]},"1":{"loc":{"start":{"line":35,"column":11},"end":{"line":35,"column":58}},"type":"cond-expr","locations":[{"start":{"line":35,"column":36},"end":{"line":35,"column":47}},{"start":{"line":35,"column":50},"end":{"line":35,"column":58}}]}},"s":{"0":5,"1":5,"2":0,"3":0,"4":0,"5":0,"6":0,"7":0,"8":0,"9":0,"10":0,"11":0,"12":0,"13":0,"14":0,"15":0,"16":0,"17":0,"18":0,"19":0,"20":0,"21":0,"22":0,"23":0,"24":5},"f":{"0":0,"1":0,"2":0,"3":0,"4":0,"5":0,"6":0},"b":{"0":[0,0,0,0,0,0],"1":[0,0]}}
,"/Users/andratomi/Desktop/projects/disertatie/drawing_app/backend-drawings/src/api/utils/types.ts": {"path":"/Users/andratomi/Desktop/projects/disertatie/drawing_app/backend-drawings/src/api/utils/types.ts","statementMap":{"0":{"start":{"line":27,"column":0},"end":{"line":27,"column":null}},"1":{"start":{"line":28,"column":4},"end":{"line":28,"column":null}},"2":{"start":{"line":29,"column":4},"end":{"line":29,"column":null}},"3":{"start":{"line":30,"column":4},"end":{"line":30,"column":null}},"4":{"start":{"line":31,"column":4},"end":{"line":31,"column":null}},"5":{"start":{"line":32,"column":4},"end":{"line":32,"column":null}},"6":{"start":{"line":33,"column":4},"end":{"line":33,"column":null}}},"fnMap":{"0":{"name":"(anonymous_0)","decl":{"start":{"line":27,"column":0},"end":{"line":27,"column":12}},"loc":{"start":{"line":27,"column":18},"end":{"line":34,"column":1}}}},"branchMap":{"0":{"loc":{"start":{"line":27,"column":12},"end":{"line":27,"column":null}},"type":"binary-expr","locations":[{"start":{"line":27,"column":12},"end":{"line":27,"column":18}},{"start":{"line":27,"column":12},"end":{"line":27,"column":null}}]}},"s":{"0":5,"1":5,"2":5,"3":5,"4":5,"5":5,"6":5},"f":{"0":5},"b":{"0":[5,5]}}
}
