TN:
SF:src/app.ts
FN:11,(anonymous_8)
FN:11,(anonymous_9)
FNF:2
FNH:2
FNDA:5,(anonymous_8)
FNDA:5,(anonymous_9)
DA:1,5
DA:2,5
DA:3,5
DA:4,5
DA:5,5
DA:6,5
DA:8,5
DA:11,5
DA:12,5
DA:13,5
DA:14,0
DA:16,5
DA:21,5
DA:22,5
DA:23,5
DA:26,5
DA:28,5
LF:17
LH:16
BRF:0
BRH:0
end_of_record
TN:
SF:src/mongo_schema.ts
FNF:0
FNH:0
DA:1,5
DA:4,5
DA:41,5
LF:3
LH:3
BRF:0
BRH:0
end_of_record
TN:
SF:src/api/routes.ts
FNF:0
FNH:0
DA:1,5
DA:2,5
DA:3,5
DA:20,5
DA:22,5
DA:23,5
DA:24,5
DA:26,5
DA:27,5
DA:28,5
DA:30,5
LF:11
LH:11
BRF:0
BRH:0
end_of_record
TN:
SF:src/api/controllers/adminModify.ts
FN:17,(anonymous_7)
FN:17,(anonymous_8)
FNF:2
FNH:2
FNDA:4,(anonymous_7)
FNDA:4,(anonymous_8)
DA:3,5
DA:4,5
DA:6,5
DA:17,5
DA:18,4
DA:20,4
DA:21,1
DA:25,3
DA:28,3
DA:29,3
DA:33,2
DA:34,1
DA:40,1
DA:46,1
LF:14
LH:14
BRDA:20,0,0,1
BRDA:33,1,0,1
BRF:2
BRH:2
end_of_record
TN:
SF:src/api/controllers/getAll.ts
FN:46,(anonymous_7)
FN:46,(anonymous_8)
FN:85,(anonymous_9)
FNF:3
FNH:3
FNDA:4,(anonymous_7)
FNDA:4,(anonymous_8)
FNDA:5,(anonymous_9)
DA:2,5
DA:4,5
DA:5,5
DA:7,5
DA:46,5
DA:47,4
DA:49,4
DA:50,0
DA:55,4
DA:57,4
DA:61,4
DA:63,4
DA:71,4
DA:72,4
DA:73,4
DA:75,0
DA:81,4
DA:83,4
DA:85,5
DA:94,4
DA:96,4
LF:21
LH:19
BRDA:49,0,0,0
BRDA:58,1,0,1
BRDA:58,1,1,3
BRDA:59,2,0,0
BRDA:59,2,1,4
BRDA:61,3,0,0
BRDA:61,3,1,4
BRDA:64,4,0,2
BRDA:64,4,1,2
BRDA:65,5,0,1
BRDA:65,5,1,3
BRDA:65,6,0,4
BRDA:65,6,1,3
BRDA:66,7,0,0
BRDA:66,7,1,4
BRDA:67,8,0,0
BRDA:67,8,1,4
BRDA:68,9,0,0
BRDA:68,9,1,4
BRDA:83,10,0,0
BRDA:83,10,1,4
BRDA:98,11,0,0
BRDA:98,11,1,4
BRF:23
BRH:15
end_of_record
TN:
SF:src/api/controllers/getAllAdmin.ts
FN:31,(anonymous_7)
FN:31,(anonymous_8)
FN:65,(anonymous_9)
FNF:3
FNH:0
FNDA:0,(anonymous_7)
FNDA:0,(anonymous_8)
FNDA:0,(anonymous_9)
DA:3,5
DA:4,5
DA:6,5
DA:31,5
DA:32,0
DA:34,0
DA:35,0
DA:40,0
DA:42,0
DA:46,0
DA:48,0
DA:55,0
DA:56,0
DA:57,0
DA:59,0
DA:65,0
DA:77,0
LF:17
LH:4
BRDA:34,0,0,0
BRDA:43,1,0,0
BRDA:43,1,1,0
BRDA:44,2,0,0
BRDA:44,2,1,0
BRDA:46,3,0,0
BRDA:46,3,1,0
BRDA:49,4,0,0
BRDA:49,4,1,0
BRDA:50,5,0,0
BRDA:50,5,1,0
BRDA:50,6,0,0
BRDA:50,6,1,0
BRDA:51,7,0,0
BRDA:51,7,1,0
BRDA:52,8,0,0
BRDA:52,8,1,0
BRF:17
BRH:0
end_of_record
TN:
SF:src/api/controllers/getByUser.ts
FN:16,(anonymous_7)
FN:16,(anonymous_8)
FN:38,(anonymous_9)
FNF:3
FNH:3
FNDA:2,(anonymous_7)
FNDA:2,(anonymous_8)
FNDA:1,(anonymous_9)
DA:3,5
DA:4,5
DA:6,5
DA:16,5
DA:17,2
DA:19,2
DA:20,1
DA:25,1
DA:27,1
DA:28,1
DA:29,1
DA:32,0
DA:38,1
DA:45,1
LF:14
LH:13
BRDA:19,0,0,1
BRF:1
BRH:1
end_of_record
TN:
SF:src/api/controllers/getDrawing.ts
FN:17,(anonymous_7)
FN:17,(anonymous_8)
FNF:2
FNH:2
FNDA:3,(anonymous_7)
FNDA:3,(anonymous_8)
DA:2,5
DA:4,5
DA:5,5
DA:7,5
DA:17,5
DA:18,3
DA:20,3
DA:21,1
DA:26,2
DA:28,2
DA:29,2
DA:30,2
DA:31,2
DA:33,0
DA:39,2
LF:15
LH:14
BRDA:20,0,0,1
BRF:1
BRH:1
end_of_record
TN:
SF:src/api/controllers/index.ts
FNF:0
FNH:0
DA:1,5
DA:2,5
DA:3,5
DA:5,5
DA:6,5
DA:7,5
LF:6
LH:6
BRF:0
BRH:0
end_of_record
TN:
SF:src/api/controllers/updateReviews.ts
FN:27,(anonymous_7)
FN:27,(anonymous_8)
FNF:2
FNH:2
FNDA:4,(anonymous_7)
FNDA:4,(anonymous_8)
DA:2,5
DA:4,5
DA:6,5
DA:27,5
DA:28,4
DA:30,4
DA:31,1
DA:38,3
DA:40,3
DA:41,3
DA:45,2
DA:46,1
DA:52,1
DA:58,1
LF:14
LH:14
BRDA:30,0,0,1
BRDA:45,1,0,1
BRF:2
BRH:2
end_of_record
TN:
SF:src/api/utils/helpers.ts
FN:3,(anonymous_0)
FN:10,(anonymous_1)
FN:14,(anonymous_2)
FN:18,(anonymous_3)
FN:22,(anonymous_4)
FN:26,(anonymous_5)
FN:30,(anonymous_6)
FNF:7
FNH:0
FNDA:0,(anonymous_0)
FNDA:0,(anonymous_1)
FNDA:0,(anonymous_2)
FNDA:0,(anonymous_3)
FNDA:0,(anonymous_4)
FNDA:0,(anonymous_5)
FNDA:0,(anonymous_6)
DA:1,5
DA:3,5
DA:4,0
DA:6,0
DA:8,0
DA:10,0
DA:11,0
DA:14,0
DA:15,0
DA:18,0
DA:19,0
DA:22,0
DA:23,0
DA:26,0
DA:27,0
DA:30,0
DA:31,0
DA:35,0
LF:18
LH:2
BRDA:8,0,0,0
BRDA:8,0,1,0
BRDA:8,0,2,0
BRDA:8,0,3,0
BRDA:8,0,4,0
BRDA:8,0,5,0
BRDA:35,1,0,0
BRDA:35,1,1,0
BRF:8
BRH:0
end_of_record
TN:
SF:src/api/utils/types.ts
FN:27,(anonymous_0)
FNF:1
FNH:1
FNDA:5,(anonymous_0)
DA:27,5
DA:28,5
DA:29,5
DA:30,5
DA:31,5
DA:32,5
DA:33,5
LF:7
LH:7
BRDA:27,0,0,5
BRDA:27,0,1,5
BRF:2
BRH:2
end_of_record
